<?xml version="1.0" encoding="UTF-8"?>
<!-- Generated by org.testng.reporters.JUnitReportReporter -->
<testsuite hostname="DESKTOP-OQ4MTFM" failures="0" tests="2" name="com.testNg.Usecase" time="0.096" errors="0" timestamp="2024-06-20T15:27:20 IST" skipped="0">
  <testcase classname="com.testNg.Usecase" name="checkUsername" time="0.059"/>
  <system-out/>
  <testcase classname="com.testNg.Usecase" name="checkModule" time="0.037"/>
  <system-out/>
</testsuite> <!-- com.testNg.Usecase -->
