<?xml version="1.0" encoding="UTF-8"?>
<!-- Generated by org.testng.reporters.JUnitReportReporter -->
<testsuite hostname="DESKTOP-OQ4MTFM" failures="0" tests="2" name="com.testNg.Test_usecase" time="0.105" errors="0" timestamp="2024-06-23T19:47:00 IST" skipped="0">
  <testcase classname="com.testNg.Test_usecase" name="checkUsername" time="0.056"/>
  <system-out/>
  <testcase classname="com.testNg.Test_usecase" name="checkModule" time="0.049"/>
  <system-out/>
</testsuite> <!-- com.testNg.Test_usecase -->
